<?xml version="1.0" encoding="UTF-8"?>
<!-- Generated by org.testng.reporters.JUnitReportReporter -->
<testsuite hostname="DESKTOP-2N2EFF4" failures="0" tests="5" name="com.telus.testcases.RegisterUserDemo" time="21.506" errors="0" timestamp="2022-08-27T19:32:11 IST" skipped="0">
  <testcase classname="com.telus.testcases.RegisterUserDemo" name="launchApplication" time="13.561"/>
  <system-out/>
  <testcase classname="com.telus.testcases.RegisterUserDemo" name="navigateToRegisterDemoForm" time="1.682"/>
  <system-out/>
  <testcase classname="com.telus.testcases.RegisterUserDemo" name="registerDemo" time="6.059"/>
  <system-out/>
  <testcase classname="com.telus.testcases.RegisterUserDemo" name="validateSuccessfulMsg" time="0.089"/>
  <system-out/>
  <testcase classname="com.telus.testcases.RegisterUserDemo" name="closeApplication" time="0.115"/>
  <system-out/>
</testsuite> <!-- com.telus.testcases.RegisterUserDemo -->
