<?xml version="1.0" encoding="UTF-8"?>
<!-- Generated by org.testng.reporters.JUnitReportReporter -->
<testsuite hostname="DESKTOP-2N2EFF4" failures="0" tests="5" name="com.telus.testcases.RegisterUserDemo" time="55.152" errors="0" timestamp="2022-08-27T18:08:56 IST" skipped="0">
  <testcase classname="com.telus.testcases.RegisterUserDemo" name="launchApplication" time="32.328"/>
  <system-out/>
  <testcase classname="com.telus.testcases.RegisterUserDemo" name="navigateToRegisterDemoForm" time="9.256"/>
  <system-out/>
  <testcase classname="com.telus.testcases.RegisterUserDemo" name="registerDemo" time="13.237"/>
  <system-out/>
  <testcase classname="com.telus.testcases.RegisterUserDemo" name="validateSuccessfulMsg" time="0.055"/>
  <system-out/>
  <testcase classname="com.telus.testcases.RegisterUserDemo" name="closeApplication" time="0.276"/>
  <system-out/>
</testsuite> <!-- com.telus.testcases.RegisterUserDemo -->
